0 info it worked if it ends with ok
1 verbose cli [ '/usr/local/bin/node',
1 verbose cli   '/usr/local/bin/npm',
1 verbose cli   'version',
1 verbose cli   '0.0.5' ]
2 info using npm@2.10.1
3 info using node@v0.12.4
4 info git [ 'status', '--porcelain' ]
5 verbose stack Error: Git working directory not clean.
5 verbose stack M package.json
5 verbose stack     at /usr/local/lib/node_modules/npm/lib/version.js:138:37
5 verbose stack     at ChildProcess.exithandler (child_process.js:742:7)
5 verbose stack     at ChildProcess.emit (events.js:110:17)
5 verbose stack     at maybeClose (child_process.js:1015:16)
5 verbose stack     at Socket.<anonymous> (child_process.js:1183:11)
5 verbose stack     at Socket.emit (events.js:107:17)
5 verbose stack     at Pipe.close (net.js:485:12)
6 verbose cwd /home/amine/Desktop/projects/qr-cairo
7 error Linux 3.16.0-43-generic
8 error argv "/usr/local/bin/node" "/usr/local/bin/npm" "version" "0.0.5"
9 error node v0.12.4
10 error npm  v2.10.1
11 error Git working directory not clean.
11 error M package.json
12 error If you need help, you may report this error at:
12 error     <https://github.com/npm/npm/issues>
13 verbose exit [ 1, true ]
